2023-03-24 09:25:12,292 INFO (CmdExecutor.java:101)- SLF4J: A number (5) of logging calls during the initialization phase have been intercepted and are
2023-03-24 09:25:12,276 INFO (CodeCoverageScheduleJob.java:83)- 重置任务状态开始执行............
2023-03-24 09:25:12,283 WARN (HikariPool.java:758)- HikariPool-1 - Thread starvation or clock leap detected (housekeeper delta=11h37m5s842ms).
2023-03-24 09:25:12,276 INFO (CodeCoverageScheduleJob.java:83)- 重置任务状态开始执行............
2023-03-24 09:25:12,373 INFO (UnitTester.java:75)- uuid=2023022321 执行单元测试耗时41917567ms
2023-03-24 09:25:12,373 INFO (UnitTester.java:75)- uuid=2023022321 执行单元测试耗时41917567ms
2023-03-24 09:25:12,283 INFO (CodeCovServiceImpl.java:157)- Code-Coverage-Thread-pool1计算覆盖率具体步骤...开始执行uuid=2023022321
2023-03-24 09:25:12,283 INFO (CodeCovServiceImpl.java:157)- Code-Coverage-Thread-pool1计算覆盖率具体步骤...开始执行uuid=2023022321
2023-03-24 09:25:12,410 INFO (CmdExecutor.java:101)- SLF4J: now being replayed. These are subject to the filtering rules of the underlying logging system.
2023-03-24 09:25:12,424 INFO (AbstractApplicationContext.java:993)- Closing org.springframework.boot.web.servlet.context.AnnotationConfigServletWebServerApplicationContext@6fd4d57a: startup date [Thu Mar 23 21:37:48 CST 2023]; root of context hierarchy
2023-03-24 09:25:12,478 INFO (CmdExecutor.java:101)- SLF4J: See also http://www.slf4j.org/codes.html#replay
2023-03-24 09:26:18,424 INFO (StartupInfoLogger.java:50)- Starting CodeCovApplication on macdeMacBook-Pro.local with PID 42355 (/Users/pandoudou/Code/springTest/super-jacoco/target/classes started by pandoudou in /Users/pandoudou/Code/springTest/super-jacoco)
2023-03-24 09:26:18,424 INFO (StartupInfoLogger.java:50)- Starting CodeCovApplication on macdeMacBook-Pro.local with PID 42355 (/Users/pandoudou/Code/springTest/super-jacoco/target/classes started by pandoudou in /Users/pandoudou/Code/springTest/super-jacoco)
2023-03-24 09:26:18,429 DEBUG (StartupInfoLogger.java:53)- Running with Spring Boot v2.0.2.RELEASE, Spring v5.0.6.RELEASE
2023-03-24 09:26:18,429 DEBUG (StartupInfoLogger.java:53)- Running with Spring Boot v2.0.2.RELEASE, Spring v5.0.6.RELEASE
2023-03-24 09:26:18,432 INFO (SpringApplication.java:659)- No active profile set, falling back to default profiles: default
2023-03-24 09:26:18,432 INFO (SpringApplication.java:659)- No active profile set, falling back to default profiles: default
2023-03-24 09:26:18,835 INFO (AbstractApplicationContext.java:590)- Refreshing org.springframework.boot.web.servlet.context.AnnotationConfigServletWebServerApplicationContext@509d6882: startup date [Fri Mar 24 09:26:18 CST 2023]; root of context hierarchy
2023-03-24 09:26:20,724 INFO (PostProcessorRegistrationDelegate.java:328)- Bean 'org.springframework.transaction.annotation.ProxyTransactionManagementConfiguration' of type [org.springframework.transaction.annotation.ProxyTransactionManagementConfiguration$$EnhancerBySpringCGLIB$$46379f24] is not eligible for getting processed by all BeanPostProcessors (for example: not eligible for auto-proxying)
2023-03-24 09:26:21,196 INFO (TomcatWebServer.java:91)- Tomcat initialized with port(s): 8899 (http)
2023-03-24 09:26:21,212 INFO (DirectJDKLog.java:180)- Initializing ProtocolHandler ["http-nio-8899"]
2023-03-24 09:26:21,221 INFO (DirectJDKLog.java:180)- Starting service [Tomcat]
2023-03-24 09:26:21,224 INFO (DirectJDKLog.java:180)- Starting Servlet Engine: Apache Tomcat/8.5.31
2023-03-24 09:26:21,227 INFO (DirectJDKLog.java:180)- The APR based Apache Tomcat Native library which allows optimal performance in production environments was not found on the java.library.path: [/Users/pandoudou/Library/Java/Extensions:/Library/Java/Extensions:/Network/Library/Java/Extensions:/System/Library/Java/Extensions:/usr/lib/java:.]
2023-03-24 09:26:21,312 INFO (DirectJDKLog.java:180)- Initializing Spring embedded WebApplicationContext
2023-03-24 09:26:21,313 INFO (ServletWebServerApplicationContext.java:285)- Root WebApplicationContext: initialization completed in 2479 ms
2023-03-24 09:26:21,533 INFO (ServletRegistrationBean.java:185)- Servlet dispatcherServlet mapped to [/]
2023-03-24 09:26:21,548 INFO (AbstractFilterRegistrationBean.java:244)- Mapping filter: 'characterEncodingFilter' to: [/*]
2023-03-24 09:26:21,549 INFO (AbstractFilterRegistrationBean.java:244)- Mapping filter: 'hiddenHttpMethodFilter' to: [/*]
2023-03-24 09:26:21,549 INFO (AbstractFilterRegistrationBean.java:244)- Mapping filter: 'httpPutFormContentFilter' to: [/*]
2023-03-24 09:26:21,549 INFO (AbstractFilterRegistrationBean.java:244)- Mapping filter: 'requestContextFilter' to: [/*]
2023-03-24 09:26:22,672 INFO (AbstractHandlerMethodMapping.java:547)- Mapped "{[/cov/triggerUnitCoverTest],methods=[POST]}" onto public com.xiaoju.basetech.entity.HttpResult<java.lang.Boolean> com.xiaoju.basetech.controller.CodeCovController.triggerUnitCoverTest(com.xiaoju.basetech.entity.CoverBaseWithOutUUidRequest)
2023-03-24 09:26:22,679 INFO (AbstractHandlerMethodMapping.java:547)- Mapped "{[/cov/triggerUnitCover],methods=[POST]}" onto public com.xiaoju.basetech.entity.HttpResult<java.lang.Boolean> com.xiaoju.basetech.controller.CodeCovController.triggerUnitCover(com.xiaoju.basetech.entity.UnitCoverRequest)
2023-03-24 09:26:22,680 INFO (AbstractHandlerMethodMapping.java:547)- Mapped "{[/cov/getUnitCoverResult],methods=[GET]}" onto public com.xiaoju.basetech.entity.HttpResult<com.xiaoju.basetech.entity.CoverResult> com.xiaoju.basetech.controller.CodeCovController.getCoverResult(java.lang.String)
2023-03-24 09:26:22,681 INFO (AbstractHandlerMethodMapping.java:547)- Mapped "{[/cov/triggerEnvCov],methods=[POST],produces=[application/json;charset=UTF-8]}" onto public com.xiaoju.basetech.entity.HttpResult<java.lang.Boolean> com.xiaoju.basetech.controller.CodeCovController.triggerEnvCov(com.xiaoju.basetech.entity.EnvCoverRequest)
2023-03-24 09:26:22,681 INFO (AbstractHandlerMethodMapping.java:547)- Mapped "{[/cov/triggerEnvCovTest],methods=[POST],produces=[application/json;charset=UTF-8]}" onto public com.xiaoju.basetech.entity.HttpResult<java.lang.Boolean> com.xiaoju.basetech.controller.CodeCovController.triggerEnvCovTest(com.xiaoju.basetech.entity.EnvCoverRequest)
2023-03-24 09:26:22,682 INFO (AbstractHandlerMethodMapping.java:547)- Mapped "{[/cov/getEnvCoverResult],methods=[GET],produces=[application/json;charset=UTF-8]}" onto public com.xiaoju.basetech.entity.HttpResult<com.xiaoju.basetech.entity.CoverResult> com.xiaoju.basetech.controller.CodeCovController.getEnvCoverResult(java.lang.String)
2023-03-24 09:26:22,683 INFO (AbstractHandlerMethodMapping.java:547)- Mapped "{[/cov/getLocalCoverResult],methods=[POST],produces=[application/json;charset=UTF-8]}" onto public com.xiaoju.basetech.entity.HttpResult<com.xiaoju.basetech.entity.CoverResult> com.xiaoju.basetech.controller.CodeCovController.getEnvLocalCoverResult(com.xiaoju.basetech.entity.LocalHostRequestParam)
2023-03-24 09:26:22,692 INFO (AbstractHandlerMethodMapping.java:547)- Mapped "{[/swagger-resources/configuration/security]}" onto public org.springframework.http.ResponseEntity<springfox.documentation.swagger.web.SecurityConfiguration> springfox.documentation.swagger.web.ApiResourceController.securityConfiguration()
2023-03-24 09:26:22,693 INFO (AbstractHandlerMethodMapping.java:547)- Mapped "{[/swagger-resources/configuration/ui]}" onto public org.springframework.http.ResponseEntity<springfox.documentation.swagger.web.UiConfiguration> springfox.documentation.swagger.web.ApiResourceController.uiConfiguration()
2023-03-24 09:26:22,694 INFO (AbstractHandlerMethodMapping.java:547)- Mapped "{[/swagger-resources]}" onto public org.springframework.http.ResponseEntity<java.util.List<springfox.documentation.swagger.web.SwaggerResource>> springfox.documentation.swagger.web.ApiResourceController.swaggerResources()
2023-03-24 09:26:22,707 INFO (AbstractHandlerMethodMapping.java:547)- Mapped "{[/error],produces=[text/html]}" onto public org.springframework.web.servlet.ModelAndView org.springframework.boot.autoconfigure.web.servlet.error.BasicErrorController.errorHtml(javax.servlet.http.HttpServletRequest,javax.servlet.http.HttpServletResponse)
2023-03-24 09:26:22,707 INFO (AbstractHandlerMethodMapping.java:547)- Mapped "{[/error]}" onto public org.springframework.http.ResponseEntity<java.util.Map<java.lang.String, java.lang.Object>> org.springframework.boot.autoconfigure.web.servlet.error.BasicErrorController.error(javax.servlet.http.HttpServletRequest)
2023-03-24 09:26:22,916 INFO (PropertySourcedRequestMappingHandlerMapping.java:69)- Mapped URL path [/v2/api-docs] onto method [public org.springframework.http.ResponseEntity<springfox.documentation.spring.web.json.Json> springfox.documentation.swagger2.web.Swagger2Controller.getDocumentation(java.lang.String,javax.servlet.http.HttpServletRequest)]
2023-03-24 09:26:23,021 INFO (AbstractUrlHandlerMapping.java:373)- Mapped URL path [/**/favicon.ico] onto handler of type [class org.springframework.web.servlet.resource.ResourceHttpRequestHandler]
2023-03-24 09:26:23,187 INFO (RequestMappingHandlerAdapter.java:574)- Looking for @ControllerAdvice: org.springframework.boot.web.servlet.context.AnnotationConfigServletWebServerApplicationContext@509d6882: startup date [Fri Mar 24 09:26:18 CST 2023]; root of context hierarchy
2023-03-24 09:26:23,237 INFO (AbstractUrlHandlerMapping.java:373)- Mapped URL path [/webjars/**] onto handler of type [class org.springframework.web.servlet.resource.ResourceHttpRequestHandler]
2023-03-24 09:26:23,237 INFO (AbstractUrlHandlerMapping.java:373)- Mapped URL path [/**] onto handler of type [class org.springframework.web.servlet.resource.ResourceHttpRequestHandler]
2023-03-24 09:26:23,254 INFO (ExceptionHandlerExceptionResolver.java:288)- Detected @ExceptionHandler methods in globalExceptionHandler
2023-03-24 09:26:23,552 INFO (OptionalLiveReloadServer.java:57)- LiveReload server is running on port 35729
2023-03-24 09:26:23,587 INFO (MBeanExporter.java:433)- Registering beans for JMX exposure on startup
2023-03-24 09:26:23,592 INFO (MBeanExporter.java:895)- Bean with name 'dataSource' has been autodetected for JMX exposure
2023-03-24 09:26:23,600 INFO (MBeanExporter.java:668)- Located MBean 'dataSource': registering with JMX server as MBean [com.zaxxer.hikari:name=dataSource,type=HikariDataSource]
2023-03-24 09:26:23,604 INFO (DefaultLifecycleProcessor.java:351)- Starting beans in phase 2147483647
2023-03-24 09:26:23,604 INFO (DocumentationPluginsBootstrapper.java:147)- Context refreshed
2023-03-24 09:26:23,614 INFO (DocumentationPluginsBootstrapper.java:150)- Found 1 custom documentation plugin(s)
2023-03-24 09:26:23,644 INFO (ApiListingReferenceScanner.java:41)- Scanning for api listing references
2023-03-24 09:26:23,925 INFO (DirectJDKLog.java:180)- Starting ProtocolHandler ["http-nio-8899"]
2023-03-24 09:26:23,937 INFO (DirectJDKLog.java:180)- Using a shared selector for servlet write/read
2023-03-24 09:26:23,951 INFO (TomcatWebServer.java:206)- Tomcat started on port(s): 8899 (http) with context path ''
2023-03-24 09:26:23,959 INFO (StartupInfoLogger.java:59)- Started CodeCovApplication in 5.947 seconds (JVM running for 6.997)
2023-03-24 09:26:23,959 INFO (StartupInfoLogger.java:59)- Started CodeCovApplication in 5.947 seconds (JVM running for 6.997)
2023-03-24 09:26:33,926 INFO (CodeCoverageScheduleJob.java:83)- 重置任务状态开始执行............
2023-03-24 09:26:33,926 INFO (CodeCoverageScheduleJob.java:83)- 重置任务状态开始执行............
2023-03-24 09:26:33,985 INFO (HikariDataSource.java:110)- HikariPool-1 - Starting...
2023-03-24 09:26:36,165 INFO (HikariDataSource.java:123)- HikariPool-1 - Start completed.
2023-03-24 09:26:36,195 DEBUG (BaseJdbcLogger.java:181)- ==>  Preparing: UPDATE diff_coverage_report SET `request_status`=0, `diffmethod`='', `report_url`='', `line_coverage`=-1, `branch_coverage`=-1, `err_msg`='', `log_file`='' WHERE `update_time`< ? AND `request_status`>0 AND `request_status`<200 AND `from`=1 limit 1 
2023-03-24 09:26:36,195 DEBUG (BaseJdbcLogger.java:181)- ==>  Preparing: UPDATE diff_coverage_report SET `request_status`=0, `diffmethod`='', `report_url`='', `line_coverage`=-1, `branch_coverage`=-1, `err_msg`='', `log_file`='' WHERE `update_time`< ? AND `request_status`>0 AND `request_status`<200 AND `from`=1 limit 1 
2023-03-24 09:26:36,223 DEBUG (BaseJdbcLogger.java:181)- ==> Parameters: 2023-03-24 07:26:33(String)
2023-03-24 09:26:36,223 DEBUG (BaseJdbcLogger.java:181)- ==> Parameters: 2023-03-24 07:26:33(String)
2023-03-24 09:26:36,630 DEBUG (BaseJdbcLogger.java:181)- <==    Updates: 1
2023-03-24 09:26:36,630 DEBUG (BaseJdbcLogger.java:181)- <==    Updates: 1
2023-03-24 09:26:36,637 DEBUG (BaseJdbcLogger.java:181)- ==>  Preparing: SELECT * from diff_coverage_report WHERE `request_status`=? AND `from`=? ORDER BY `update_time` asc limit ? 
2023-03-24 09:26:36,637 DEBUG (BaseJdbcLogger.java:181)- ==>  Preparing: SELECT * from diff_coverage_report WHERE `request_status`=? AND `from`=? ORDER BY `update_time` asc limit ? 
2023-03-24 09:26:36,639 DEBUG (BaseJdbcLogger.java:181)- ==> Parameters: 0(Integer), 1(Integer), 1(Integer)
2023-03-24 09:26:36,639 DEBUG (BaseJdbcLogger.java:181)- ==> Parameters: 0(Integer), 1(Integer), 1(Integer)
2023-03-24 09:26:37,145 DEBUG (BaseJdbcLogger.java:181)- <==      Total: 1
2023-03-24 09:26:37,145 DEBUG (BaseJdbcLogger.java:181)- <==      Total: 1
2023-03-24 09:26:37,146 INFO (CodeCoverageScheduleJob.java:58)- 查询需要diff的数据1条
2023-03-24 09:26:37,146 INFO (CodeCoverageScheduleJob.java:58)- 查询需要diff的数据1条
2023-03-24 09:26:37,152 DEBUG (BaseJdbcLogger.java:181)- ==>  Preparing: UPDATE diff_coverage_report SET `request_status`=? WHERE `request_status`=? AND `job_record_uuid`=? limit 1 
2023-03-24 09:26:37,152 DEBUG (BaseJdbcLogger.java:181)- ==>  Preparing: UPDATE diff_coverage_report SET `request_status`=? WHERE `request_status`=? AND `job_record_uuid`=? limit 1 
2023-03-24 09:26:37,153 DEBUG (BaseJdbcLogger.java:181)- ==> Parameters: 1(Integer), 0(Integer), 2023022321(String)
2023-03-24 09:26:37,153 DEBUG (BaseJdbcLogger.java:181)- ==> Parameters: 1(Integer), 0(Integer), 2023022321(String)
2023-03-24 09:26:37,597 DEBUG (BaseJdbcLogger.java:181)- <==    Updates: 1
2023-03-24 09:26:37,597 DEBUG (BaseJdbcLogger.java:181)- <==    Updates: 1
2023-03-24 09:26:45,358 INFO (CodeCovServiceImpl.java:157)- Code-Coverage-Thread-pool0计算覆盖率具体步骤...开始执行uuid=2023022321
2023-03-24 09:26:45,358 INFO (CodeCovServiceImpl.java:157)- Code-Coverage-Thread-pool0计算覆盖率具体步骤...开始执行uuid=2023022321
2023-03-24 09:26:45,504 DEBUG (BaseJdbcLogger.java:181)- ==>  Preparing: UPDATE diff_coverage_report SET `request_status`=?, `err_msg`=?, `line_coverage`=?, `branch_coverage`=?, `report_url`=?, `diffmethod`=?, `log_file`=?, `now_local_path`=?, `update_time`=NOW() WHERE job_record_uuid=? 
2023-03-24 09:26:45,504 DEBUG (BaseJdbcLogger.java:181)- ==>  Preparing: UPDATE diff_coverage_report SET `request_status`=?, `err_msg`=?, `line_coverage`=?, `branch_coverage`=?, `report_url`=?, `diffmethod`=?, `log_file`=?, `now_local_path`=?, `update_time`=NOW() WHERE job_record_uuid=? 
2023-03-24 09:26:45,527 DEBUG (BaseJdbcLogger.java:181)- ==> Parameters: 2(Integer), (String), -1.0(Double), -1.0(Double), (String), (String), (String), /Users/pandoudou/app/super_jacoco/clonecode/2023022321/qa(String), 2023022321(String)
2023-03-24 09:26:45,527 DEBUG (BaseJdbcLogger.java:181)- ==> Parameters: 2(Integer), (String), -1.0(Double), -1.0(Double), (String), (String), (String), /Users/pandoudou/app/super_jacoco/clonecode/2023022321/qa(String), 2023022321(String)
2023-03-24 09:26:45,618 DEBUG (BaseJdbcLogger.java:181)- <==    Updates: 1
2023-03-24 09:26:45,618 DEBUG (BaseJdbcLogger.java:181)- <==    Updates: 1
2023-03-24 09:26:46,643 INFO (CodeCloneExecutor.java:47)- uuid 2023022321开始下载代码...
2023-03-24 09:26:46,643 INFO (CodeCloneExecutor.java:47)- uuid 2023022321开始下载代码...
2023-03-24 09:26:55,414 DEBUG (BaseJdbcLogger.java:181)- ==>  Preparing: SELECT * from diff_coverage_report WHERE `request_status`=? AND `from`=? ORDER BY `update_time` asc limit ? 
2023-03-24 09:26:55,414 DEBUG (BaseJdbcLogger.java:181)- ==>  Preparing: SELECT * from diff_coverage_report WHERE `request_status`=? AND `from`=? ORDER BY `update_time` asc limit ? 
2023-03-24 09:26:55,420 DEBUG (BaseJdbcLogger.java:181)- ==> Parameters: 0(Integer), 1(Integer), 1(Integer)
2023-03-24 09:26:55,420 DEBUG (BaseJdbcLogger.java:181)- ==> Parameters: 0(Integer), 1(Integer), 1(Integer)
2023-03-24 09:26:55,468 DEBUG (BaseJdbcLogger.java:181)- <==      Total: 0
2023-03-24 09:26:55,468 DEBUG (BaseJdbcLogger.java:181)- <==      Total: 0
2023-03-24 09:26:55,470 INFO (CodeCoverageScheduleJob.java:58)- 查询需要diff的数据0条
2023-03-24 09:26:55,470 INFO (CodeCoverageScheduleJob.java:58)- 查询需要diff的数据0条
2023-03-24 09:27:05,524 DEBUG (BaseJdbcLogger.java:181)- ==>  Preparing: SELECT * from diff_coverage_report WHERE `request_status`=? AND `from`=? ORDER BY `update_time` asc limit ? 
2023-03-24 09:27:05,524 DEBUG (BaseJdbcLogger.java:181)- ==>  Preparing: SELECT * from diff_coverage_report WHERE `request_status`=? AND `from`=? ORDER BY `update_time` asc limit ? 
2023-03-24 09:27:05,528 DEBUG (BaseJdbcLogger.java:181)- ==> Parameters: 0(Integer), 1(Integer), 1(Integer)
2023-03-24 09:27:05,528 DEBUG (BaseJdbcLogger.java:181)- ==> Parameters: 0(Integer), 1(Integer), 1(Integer)
2023-03-24 09:27:05,916 DEBUG (BaseJdbcLogger.java:181)- <==      Total: 0
2023-03-24 09:27:05,916 DEBUG (BaseJdbcLogger.java:181)- <==      Total: 0
2023-03-24 09:27:05,918 INFO (CodeCoverageScheduleJob.java:58)- 查询需要diff的数据0条
2023-03-24 09:27:05,918 INFO (CodeCoverageScheduleJob.java:58)- 查询需要diff的数据0条
2023-03-24 09:27:15,975 DEBUG (BaseJdbcLogger.java:181)- ==>  Preparing: SELECT * from diff_coverage_report WHERE `request_status`=? AND `from`=? ORDER BY `update_time` asc limit ? 
2023-03-24 09:27:15,975 DEBUG (BaseJdbcLogger.java:181)- ==>  Preparing: SELECT * from diff_coverage_report WHERE `request_status`=? AND `from`=? ORDER BY `update_time` asc limit ? 
2023-03-24 09:27:15,980 DEBUG (BaseJdbcLogger.java:181)- ==> Parameters: 0(Integer), 1(Integer), 1(Integer)
2023-03-24 09:27:15,980 DEBUG (BaseJdbcLogger.java:181)- ==> Parameters: 0(Integer), 1(Integer), 1(Integer)
2023-03-24 09:27:16,025 DEBUG (BaseJdbcLogger.java:181)- <==      Total: 0
2023-03-24 09:27:16,025 DEBUG (BaseJdbcLogger.java:181)- <==      Total: 0
2023-03-24 09:27:16,026 INFO (CodeCoverageScheduleJob.java:58)- 查询需要diff的数据0条
2023-03-24 09:27:16,026 INFO (CodeCoverageScheduleJob.java:58)- 查询需要diff的数据0条
2023-03-24 09:27:26,270 DEBUG (BaseJdbcLogger.java:181)- ==>  Preparing: SELECT * from diff_coverage_report WHERE `request_status`=? AND `from`=? ORDER BY `update_time` asc limit ? 
2023-03-24 09:27:26,270 DEBUG (BaseJdbcLogger.java:181)- ==>  Preparing: SELECT * from diff_coverage_report WHERE `request_status`=? AND `from`=? ORDER BY `update_time` asc limit ? 
2023-03-24 09:27:26,276 DEBUG (BaseJdbcLogger.java:181)- ==> Parameters: 0(Integer), 1(Integer), 1(Integer)
2023-03-24 09:27:26,276 DEBUG (BaseJdbcLogger.java:181)- ==> Parameters: 0(Integer), 1(Integer), 1(Integer)
2023-03-24 09:27:26,330 DEBUG (BaseJdbcLogger.java:181)- <==      Total: 0
2023-03-24 09:27:26,330 DEBUG (BaseJdbcLogger.java:181)- <==      Total: 0
2023-03-24 09:27:26,331 INFO (CodeCoverageScheduleJob.java:58)- 查询需要diff的数据0条
2023-03-24 09:27:26,331 INFO (CodeCoverageScheduleJob.java:58)- 查询需要diff的数据0条
2023-03-24 09:27:36,383 DEBUG (BaseJdbcLogger.java:181)- ==>  Preparing: SELECT * from diff_coverage_report WHERE `request_status`=? AND `from`=? ORDER BY `update_time` asc limit ? 
2023-03-24 09:27:36,383 DEBUG (BaseJdbcLogger.java:181)- ==>  Preparing: SELECT * from diff_coverage_report WHERE `request_status`=? AND `from`=? ORDER BY `update_time` asc limit ? 
2023-03-24 09:27:36,385 DEBUG (BaseJdbcLogger.java:181)- ==> Parameters: 0(Integer), 1(Integer), 1(Integer)
2023-03-24 09:27:36,385 DEBUG (BaseJdbcLogger.java:181)- ==> Parameters: 0(Integer), 1(Integer), 1(Integer)
2023-03-24 09:27:36,717 DEBUG (BaseJdbcLogger.java:181)- <==      Total: 0
2023-03-24 09:27:36,717 DEBUG (BaseJdbcLogger.java:181)- <==      Total: 0
2023-03-24 09:27:36,717 INFO (CodeCoverageScheduleJob.java:58)- 查询需要diff的数据0条
2023-03-24 09:27:36,717 INFO (CodeCoverageScheduleJob.java:58)- 查询需要diff的数据0条
2023-03-24 09:27:46,863 DEBUG (BaseJdbcLogger.java:181)- ==>  Preparing: SELECT * from diff_coverage_report WHERE `request_status`=? AND `from`=? ORDER BY `update_time` asc limit ? 
2023-03-24 09:27:46,863 DEBUG (BaseJdbcLogger.java:181)- ==>  Preparing: SELECT * from diff_coverage_report WHERE `request_status`=? AND `from`=? ORDER BY `update_time` asc limit ? 
2023-03-24 09:27:46,866 DEBUG (BaseJdbcLogger.java:181)- ==> Parameters: 0(Integer), 1(Integer), 1(Integer)
2023-03-24 09:27:46,866 DEBUG (BaseJdbcLogger.java:181)- ==> Parameters: 0(Integer), 1(Integer), 1(Integer)
2023-03-24 09:27:46,916 DEBUG (BaseJdbcLogger.java:181)- <==      Total: 0
2023-03-24 09:27:46,916 DEBUG (BaseJdbcLogger.java:181)- <==      Total: 0
2023-03-24 09:27:46,917 INFO (CodeCoverageScheduleJob.java:58)- 查询需要diff的数据0条
2023-03-24 09:27:46,917 INFO (CodeCoverageScheduleJob.java:58)- 查询需要diff的数据0条
2023-03-24 09:27:57,118 DEBUG (BaseJdbcLogger.java:181)- ==>  Preparing: SELECT * from diff_coverage_report WHERE `request_status`=? AND `from`=? ORDER BY `update_time` asc limit ? 
2023-03-24 09:27:57,118 DEBUG (BaseJdbcLogger.java:181)- ==>  Preparing: SELECT * from diff_coverage_report WHERE `request_status`=? AND `from`=? ORDER BY `update_time` asc limit ? 
2023-03-24 09:27:57,127 DEBUG (BaseJdbcLogger.java:181)- ==> Parameters: 0(Integer), 1(Integer), 1(Integer)
2023-03-24 09:27:57,127 DEBUG (BaseJdbcLogger.java:181)- ==> Parameters: 0(Integer), 1(Integer), 1(Integer)
2023-03-24 09:27:57,175 DEBUG (BaseJdbcLogger.java:181)- <==      Total: 0
2023-03-24 09:27:57,175 DEBUG (BaseJdbcLogger.java:181)- <==      Total: 0
2023-03-24 09:27:57,177 INFO (CodeCoverageScheduleJob.java:58)- 查询需要diff的数据0条
2023-03-24 09:27:57,177 INFO (CodeCoverageScheduleJob.java:58)- 查询需要diff的数据0条
2023-03-24 09:28:07,301 DEBUG (BaseJdbcLogger.java:181)- ==>  Preparing: SELECT * from diff_coverage_report WHERE `request_status`=? AND `from`=? ORDER BY `update_time` asc limit ? 
2023-03-24 09:28:07,301 DEBUG (BaseJdbcLogger.java:181)- ==>  Preparing: SELECT * from diff_coverage_report WHERE `request_status`=? AND `from`=? ORDER BY `update_time` asc limit ? 
2023-03-24 09:28:07,304 DEBUG (BaseJdbcLogger.java:181)- ==> Parameters: 0(Integer), 1(Integer), 1(Integer)
2023-03-24 09:28:07,304 DEBUG (BaseJdbcLogger.java:181)- ==> Parameters: 0(Integer), 1(Integer), 1(Integer)
2023-03-24 09:28:07,361 DEBUG (BaseJdbcLogger.java:181)- <==      Total: 0
2023-03-24 09:28:07,361 DEBUG (BaseJdbcLogger.java:181)- <==      Total: 0
2023-03-24 09:28:07,362 INFO (CodeCoverageScheduleJob.java:58)- 查询需要diff的数据0条
2023-03-24 09:28:07,362 INFO (CodeCoverageScheduleJob.java:58)- 查询需要diff的数据0条
2023-03-24 09:28:17,555 DEBUG (BaseJdbcLogger.java:181)- ==>  Preparing: SELECT * from diff_coverage_report WHERE `request_status`=? AND `from`=? ORDER BY `update_time` asc limit ? 
2023-03-24 09:28:17,555 DEBUG (BaseJdbcLogger.java:181)- ==>  Preparing: SELECT * from diff_coverage_report WHERE `request_status`=? AND `from`=? ORDER BY `update_time` asc limit ? 
2023-03-24 09:28:17,559 DEBUG (BaseJdbcLogger.java:181)- ==> Parameters: 0(Integer), 1(Integer), 1(Integer)
2023-03-24 09:28:17,559 DEBUG (BaseJdbcLogger.java:181)- ==> Parameters: 0(Integer), 1(Integer), 1(Integer)
2023-03-24 09:28:17,623 DEBUG (BaseJdbcLogger.java:181)- <==      Total: 0
2023-03-24 09:28:17,623 DEBUG (BaseJdbcLogger.java:181)- <==      Total: 0
2023-03-24 09:28:17,624 INFO (CodeCoverageScheduleJob.java:58)- 查询需要diff的数据0条
2023-03-24 09:28:17,624 INFO (CodeCoverageScheduleJob.java:58)- 查询需要diff的数据0条
2023-03-24 09:28:27,676 DEBUG (BaseJdbcLogger.java:181)- ==>  Preparing: SELECT * from diff_coverage_report WHERE `request_status`=? AND `from`=? ORDER BY `update_time` asc limit ? 
2023-03-24 09:28:27,676 DEBUG (BaseJdbcLogger.java:181)- ==>  Preparing: SELECT * from diff_coverage_report WHERE `request_status`=? AND `from`=? ORDER BY `update_time` asc limit ? 
2023-03-24 09:28:27,680 DEBUG (BaseJdbcLogger.java:181)- ==> Parameters: 0(Integer), 1(Integer), 1(Integer)
2023-03-24 09:28:27,680 DEBUG (BaseJdbcLogger.java:181)- ==> Parameters: 0(Integer), 1(Integer), 1(Integer)
2023-03-24 09:28:27,726 DEBUG (BaseJdbcLogger.java:181)- <==      Total: 0
2023-03-24 09:28:27,726 DEBUG (BaseJdbcLogger.java:181)- <==      Total: 0
2023-03-24 09:28:27,727 INFO (CodeCoverageScheduleJob.java:58)- 查询需要diff的数据0条
2023-03-24 09:28:27,727 INFO (CodeCoverageScheduleJob.java:58)- 查询需要diff的数据0条
2023-03-24 09:28:37,783 DEBUG (BaseJdbcLogger.java:181)- ==>  Preparing: SELECT * from diff_coverage_report WHERE `request_status`=? AND `from`=? ORDER BY `update_time` asc limit ? 
2023-03-24 09:28:37,783 DEBUG (BaseJdbcLogger.java:181)- ==>  Preparing: SELECT * from diff_coverage_report WHERE `request_status`=? AND `from`=? ORDER BY `update_time` asc limit ? 
2023-03-24 09:28:37,788 DEBUG (BaseJdbcLogger.java:181)- ==> Parameters: 0(Integer), 1(Integer), 1(Integer)
2023-03-24 09:28:37,788 DEBUG (BaseJdbcLogger.java:181)- ==> Parameters: 0(Integer), 1(Integer), 1(Integer)
2023-03-24 09:28:37,833 DEBUG (BaseJdbcLogger.java:181)- <==      Total: 0
2023-03-24 09:28:37,833 DEBUG (BaseJdbcLogger.java:181)- <==      Total: 0
2023-03-24 09:28:37,834 INFO (CodeCoverageScheduleJob.java:58)- 查询需要diff的数据0条
2023-03-24 09:28:37,834 INFO (CodeCoverageScheduleJob.java:58)- 查询需要diff的数据0条
2023-03-24 09:28:48,009 DEBUG (BaseJdbcLogger.java:181)- ==>  Preparing: SELECT * from diff_coverage_report WHERE `request_status`=? AND `from`=? ORDER BY `update_time` asc limit ? 
2023-03-24 09:28:48,009 DEBUG (BaseJdbcLogger.java:181)- ==>  Preparing: SELECT * from diff_coverage_report WHERE `request_status`=? AND `from`=? ORDER BY `update_time` asc limit ? 
2023-03-24 09:28:48,024 DEBUG (BaseJdbcLogger.java:181)- ==> Parameters: 0(Integer), 1(Integer), 1(Integer)
2023-03-24 09:28:48,024 DEBUG (BaseJdbcLogger.java:181)- ==> Parameters: 0(Integer), 1(Integer), 1(Integer)
2023-03-24 09:28:48,096 DEBUG (BaseJdbcLogger.java:181)- <==      Total: 0
2023-03-24 09:28:48,096 DEBUG (BaseJdbcLogger.java:181)- <==      Total: 0
2023-03-24 09:28:48,097 INFO (CodeCoverageScheduleJob.java:58)- 查询需要diff的数据0条
2023-03-24 09:28:48,097 INFO (CodeCoverageScheduleJob.java:58)- 查询需要diff的数据0条
2023-03-24 09:28:50,913 INFO (CodeCloneExecutor.java:54)- uuid 2023022321完成下载代码...
2023-03-24 09:28:50,913 INFO (CodeCloneExecutor.java:54)- uuid 2023022321完成下载代码...
2023-03-24 09:28:51,156 DEBUG (BaseJdbcLogger.java:181)- ==>  Preparing: UPDATE diff_coverage_report SET `request_status`=?, `err_msg`=?, `line_coverage`=?, `branch_coverage`=?, `report_url`=?, `diffmethod`=?, `log_file`=?, `now_local_path`=?, `update_time`=NOW() WHERE job_record_uuid=? 
2023-03-24 09:28:51,156 DEBUG (BaseJdbcLogger.java:181)- ==>  Preparing: UPDATE diff_coverage_report SET `request_status`=?, `err_msg`=?, `line_coverage`=?, `branch_coverage`=?, `report_url`=?, `diffmethod`=?, `log_file`=?, `now_local_path`=?, `update_time`=NOW() WHERE job_record_uuid=? 
2023-03-24 09:28:51,160 DEBUG (BaseJdbcLogger.java:181)- ==> Parameters: 102(Integer), (String), -1.0(Double), -1.0(Double), (String), (String), http://10.252.10.208:8899/logs/2023022321.log(String), /Users/pandoudou/app/super_jacoco/clonecode/2023022321/qa(String), 2023022321(String)
2023-03-24 09:28:51,160 DEBUG (BaseJdbcLogger.java:181)- ==> Parameters: 102(Integer), (String), -1.0(Double), -1.0(Double), (String), (String), http://10.252.10.208:8899/logs/2023022321.log(String), /Users/pandoudou/app/super_jacoco/clonecode/2023022321/qa(String), 2023022321(String)
2023-03-24 09:28:51,272 DEBUG (BaseJdbcLogger.java:181)- <==    Updates: 1
2023-03-24 09:28:51,272 DEBUG (BaseJdbcLogger.java:181)- <==    Updates: 1
2023-03-24 09:40:14,122 INFO (CodeCoverageScheduleJob.java:83)- 重置任务状态开始执行............
2023-03-24 09:40:14,132 WARN (HikariPool.java:758)- HikariPool-1 - Thread starvation or clock leap detected (housekeeper delta=11m37s837ms).
2023-03-24 09:40:14,122 INFO (CodeCoverageScheduleJob.java:83)- 重置任务状态开始执行............
2023-03-24 09:40:14,280 INFO (DirectJDKLog.java:180)- Initializing Spring FrameworkServlet 'dispatcherServlet'
2023-03-24 09:40:14,282 INFO (FrameworkServlet.java:494)- FrameworkServlet 'dispatcherServlet': initialization started
2023-03-24 09:40:14,352 INFO (FrameworkServlet.java:509)- FrameworkServlet 'dispatcherServlet': initialization completed in 70 ms
2023-03-24 09:40:14,421 DEBUG (BaseJdbcLogger.java:181)- ==>  Preparing: UPDATE diff_coverage_report SET `request_status`=0, `diffmethod`='', `report_url`='', `line_coverage`=-1, `branch_coverage`=-1, `err_msg`='', `log_file`='' WHERE `update_time`< ? AND `request_status`>0 AND `request_status`<200 AND `from`=1 limit 1 
2023-03-24 09:40:14,421 DEBUG (BaseJdbcLogger.java:181)- ==>  Preparing: SELECT * from diff_coverage_report WHERE `request_status`=? AND `from`=? ORDER BY `update_time` asc limit ? 
2023-03-24 09:40:14,421 DEBUG (BaseJdbcLogger.java:181)- ==>  Preparing: UPDATE diff_coverage_report SET `request_status`=?, `err_msg`=?, `line_coverage`=?, `branch_coverage`=?, `report_url`=?, `diffmethod`=?, `log_file`=?, `now_local_path`=?, `update_time`=NOW() WHERE job_record_uuid=? 
2023-03-24 09:40:14,421 DEBUG (BaseJdbcLogger.java:181)- ==>  Preparing: SELECT * from diff_coverage_report WHERE `request_status`=? AND `from`=? ORDER BY `update_time` asc limit ? 
2023-03-24 09:40:14,421 DEBUG (BaseJdbcLogger.java:181)- ==>  Preparing: SELECT * from diff_coverage_report WHERE `request_status`=? AND `from`=? ORDER BY `update_time` asc limit ? 
2023-03-24 09:40:14,421 DEBUG (BaseJdbcLogger.java:181)- ==>  Preparing: UPDATE diff_coverage_report SET `request_status`=0, `diffmethod`='', `report_url`='', `line_coverage`=-1, `branch_coverage`=-1, `err_msg`='', `log_file`='' WHERE `update_time`< ? AND `request_status`>0 AND `request_status`<200 AND `from`=1 limit 1 
2023-03-24 09:40:14,421 DEBUG (BaseJdbcLogger.java:181)- ==>  Preparing: SELECT * from diff_coverage_report WHERE `request_status`=? AND `from`=? ORDER BY `update_time` asc limit ? 
2023-03-24 09:40:14,421 DEBUG (BaseJdbcLogger.java:181)- ==>  Preparing: UPDATE diff_coverage_report SET `request_status`=?, `err_msg`=?, `line_coverage`=?, `branch_coverage`=?, `report_url`=?, `diffmethod`=?, `log_file`=?, `now_local_path`=?, `update_time`=NOW() WHERE job_record_uuid=? 
2023-03-24 09:40:14,427 DEBUG (BaseJdbcLogger.java:181)- ==> Parameters: 0(Integer), 1(Integer), 1(Integer)
2023-03-24 09:40:14,427 DEBUG (BaseJdbcLogger.java:181)- ==> Parameters: 0(Integer), 1(Integer), 1(Integer)
2023-03-24 09:40:14,427 DEBUG (BaseJdbcLogger.java:181)- ==> Parameters: 200(Integer), 2(Integer), 10(Integer)
2023-03-24 09:40:14,427 DEBUG (BaseJdbcLogger.java:181)- ==> Parameters: 200(Integer), 2(Integer), 10(Integer)
2023-03-24 09:40:14,433 DEBUG (BaseJdbcLogger.java:181)- ==> Parameters: 2023-03-24 07:40:14(String)
2023-03-24 09:40:14,433 DEBUG (BaseJdbcLogger.java:181)- ==> Parameters: 2023-03-24 07:40:14(String)
2023-03-24 09:40:14,433 DEBUG (BaseJdbcLogger.java:181)- ==> Parameters: 4(Integer), (String), -1.0(Double), -1.0(Double), (String), (String), http://10.252.10.208:8899/logs/2023022321.log(String), /Users/pandoudou/app/super_jacoco/clonecode/2023022321/qa(String), 2023022321(String)
2023-03-24 09:40:14,433 DEBUG (BaseJdbcLogger.java:181)- ==> Parameters: 4(Integer), (String), -1.0(Double), -1.0(Double), (String), (String), http://10.252.10.208:8899/logs/2023022321.log(String), /Users/pandoudou/app/super_jacoco/clonecode/2023022321/qa(String), 2023022321(String)
2023-03-24 09:40:15,043 DEBUG (BaseJdbcLogger.java:181)- <==      Total: 0
2023-03-24 09:40:15,043 DEBUG (BaseJdbcLogger.java:181)- <==      Total: 0
2023-03-24 09:40:15,057 INFO (CodeCoverageScheduleJob.java:58)- 查询需要diff的数据0条
2023-03-24 09:40:15,057 INFO (CodeCoverageScheduleJob.java:58)- 查询需要diff的数据0条
2023-03-24 09:40:15,070 DEBUG (BaseJdbcLogger.java:181)- <==      Total: 0
2023-03-24 09:40:15,070 DEBUG (BaseJdbcLogger.java:181)- <==      Total: 0
2023-03-24 09:40:15,071 INFO (CodeCoverageScheduleJob.java:102)- 查询需要拉取exec文件的数据0条
2023-03-24 09:40:15,071 INFO (CodeCoverageScheduleJob.java:102)- 查询需要拉取exec文件的数据0条
2023-03-24 09:40:15,078 DEBUG (BaseJdbcLogger.java:181)- ==>  Preparing: SELECT * FROM diff_coverage_report WHERE `job_record_uuid`=? limit 1 
2023-03-24 09:40:15,078 DEBUG (BaseJdbcLogger.java:181)- ==>  Preparing: SELECT * FROM diff_coverage_report WHERE `job_record_uuid`=? limit 1 
2023-03-24 09:40:15,079 DEBUG (BaseJdbcLogger.java:181)- ==> Parameters: 2023022324(String)
2023-03-24 09:40:15,079 DEBUG (BaseJdbcLogger.java:181)- ==> Parameters: 2023022324(String)
2023-03-24 09:40:15,426 DEBUG (BaseJdbcLogger.java:181)- <==    Updates: 1
2023-03-24 09:40:15,426 DEBUG (BaseJdbcLogger.java:181)- <==    Updates: 1
2023-03-24 09:40:15,426 DEBUG (BaseJdbcLogger.java:181)- <==    Updates: 1
2023-03-24 09:40:15,426 DEBUG (BaseJdbcLogger.java:181)- <==    Updates: 1
2023-03-24 09:40:31,326 DEBUG (BaseJdbcLogger.java:181)- <==      Total: 0
2023-03-24 09:40:31,326 DEBUG (BaseJdbcLogger.java:181)- <==      Total: 0
2023-03-24 09:40:31,399 DEBUG (BaseJdbcLogger.java:181)- ==>  Preparing: INSERT INTO diff_coverage_report( `job_record_uuid`, `request_status`, `type`, `giturl`, `err_msg`, `sub_module`, `base_version`, `now_version`, `now_local_path` , `base_local_path`, `from` )VALUES ( ?, ?, ?, ?, ?, ?, ?, ?, ?, ?, ? ) 
2023-03-24 09:40:31,399 DEBUG (BaseJdbcLogger.java:181)- ==>  Preparing: INSERT INTO diff_coverage_report( `job_record_uuid`, `request_status`, `type`, `giturl`, `err_msg`, `sub_module`, `base_version`, `now_version`, `now_local_path` , `base_local_path`, `from` )VALUES ( ?, ?, ?, ?, ?, ?, ?, ?, ?, ?, ? ) 
2023-03-24 09:40:31,403 DEBUG (BaseJdbcLogger.java:181)- ==> Parameters: 2023022324(String), 0(Integer), 2(Integer), https://git.kanzhun-inc.com/rd21/cockatiel-mailbox-front.git(String), (String), (String), panpeng_test_20230216_notTest(String), panpeng_test_20230216_haveUnitTest(String), (String), (String), 1(Integer)
2023-03-24 09:40:31,403 DEBUG (BaseJdbcLogger.java:181)- ==> Parameters: 2023022324(String), 0(Integer), 2(Integer), https://git.kanzhun-inc.com/rd21/cockatiel-mailbox-front.git(String), (String), (String), panpeng_test_20230216_notTest(String), panpeng_test_20230216_haveUnitTest(String), (String), (String), 1(Integer)
2023-03-24 09:40:31,714 DEBUG (BaseJdbcLogger.java:181)- ==>  Preparing: SELECT * from diff_coverage_report WHERE `request_status`=? AND `from`=? ORDER BY `update_time` asc limit ? 
2023-03-24 09:40:31,714 DEBUG (BaseJdbcLogger.java:181)- ==>  Preparing: SELECT * from diff_coverage_report WHERE `request_status`=? AND `from`=? ORDER BY `update_time` asc limit ? 
2023-03-24 09:40:31,715 DEBUG (BaseJdbcLogger.java:181)- ==> Parameters: 0(Integer), 1(Integer), 1(Integer)
2023-03-24 09:40:31,715 DEBUG (BaseJdbcLogger.java:181)- ==> Parameters: 0(Integer), 1(Integer), 1(Integer)
2023-03-24 09:40:31,771 DEBUG (BaseJdbcLogger.java:181)- <==    Updates: 1
2023-03-24 09:40:31,771 DEBUG (BaseJdbcLogger.java:181)- <==    Updates: 1
2023-03-24 09:40:31,789 DEBUG (BaseJdbcLogger.java:181)- <==      Total: 1
2023-03-24 09:40:31,789 DEBUG (BaseJdbcLogger.java:181)- <==      Total: 1
2023-03-24 09:40:31,792 INFO (CodeCoverageScheduleJob.java:58)- 查询需要diff的数据1条
2023-03-24 09:40:31,792 INFO (CodeCoverageScheduleJob.java:58)- 查询需要diff的数据1条
2023-03-24 09:40:31,793 DEBUG (BaseJdbcLogger.java:181)- ==>  Preparing: UPDATE diff_coverage_report SET `request_status`=? WHERE `request_status`=? AND `job_record_uuid`=? limit 1 
2023-03-24 09:40:31,793 DEBUG (BaseJdbcLogger.java:181)- ==>  Preparing: UPDATE diff_coverage_report SET `request_status`=? WHERE `request_status`=? AND `job_record_uuid`=? limit 1 
2023-03-24 09:40:31,794 DEBUG (BaseJdbcLogger.java:181)- ==> Parameters: 1(Integer), 0(Integer), 2023022324(String)
2023-03-24 09:40:31,794 DEBUG (BaseJdbcLogger.java:181)- ==> Parameters: 1(Integer), 0(Integer), 2023022324(String)
2023-03-24 09:40:32,253 DEBUG (BaseJdbcLogger.java:181)- <==    Updates: 1
2023-03-24 09:40:32,253 DEBUG (BaseJdbcLogger.java:181)- <==    Updates: 1
2023-03-24 09:40:32,258 INFO (CodeCovServiceImpl.java:157)- Code-Coverage-Thread-pool1计算覆盖率具体步骤...开始执行uuid=2023022324
2023-03-24 09:40:32,258 INFO (CodeCovServiceImpl.java:157)- Code-Coverage-Thread-pool1计算覆盖率具体步骤...开始执行uuid=2023022324
2023-03-24 09:40:32,719 DEBUG (BaseJdbcLogger.java:181)- ==>  Preparing: UPDATE diff_coverage_report SET `request_status`=?, `err_msg`=?, `line_coverage`=?, `branch_coverage`=?, `report_url`=?, `diffmethod`=?, `log_file`=?, `now_local_path`=?, `update_time`=NOW() WHERE job_record_uuid=? 
2023-03-24 09:40:32,719 DEBUG (BaseJdbcLogger.java:181)- ==>  Preparing: UPDATE diff_coverage_report SET `request_status`=?, `err_msg`=?, `line_coverage`=?, `branch_coverage`=?, `report_url`=?, `diffmethod`=?, `log_file`=?, `now_local_path`=?, `update_time`=NOW() WHERE job_record_uuid=? 
2023-03-24 09:40:32,721 DEBUG (BaseJdbcLogger.java:181)- ==> Parameters: 2(Integer), (String), -1.0(Double), -1.0(Double), (String), (String), (String), (String), 2023022324(String)
2023-03-24 09:40:32,721 DEBUG (BaseJdbcLogger.java:181)- ==> Parameters: 2(Integer), (String), -1.0(Double), -1.0(Double), (String), (String), (String), (String), 2023022324(String)
2023-03-24 09:40:32,825 DEBUG (BaseJdbcLogger.java:181)- <==    Updates: 1
2023-03-24 09:40:32,825 DEBUG (BaseJdbcLogger.java:181)- <==    Updates: 1
2023-03-24 09:40:32,832 INFO (CodeCloneExecutor.java:47)- uuid 2023022324开始下载代码...
2023-03-24 09:40:32,832 INFO (CodeCloneExecutor.java:47)- uuid 2023022324开始下载代码...
2023-03-24 09:40:42,684 DEBUG (BaseJdbcLogger.java:181)- ==>  Preparing: SELECT * from diff_coverage_report WHERE `request_status`=? AND `from`=? ORDER BY `update_time` asc limit ? 
2023-03-24 09:40:42,684 DEBUG (BaseJdbcLogger.java:181)- ==>  Preparing: SELECT * from diff_coverage_report WHERE `request_status`=? AND `from`=? ORDER BY `update_time` asc limit ? 
2023-03-24 09:40:42,688 DEBUG (BaseJdbcLogger.java:181)- ==> Parameters: 0(Integer), 1(Integer), 1(Integer)
2023-03-24 09:40:42,688 DEBUG (BaseJdbcLogger.java:181)- ==> Parameters: 0(Integer), 1(Integer), 1(Integer)
2023-03-24 09:40:42,740 DEBUG (BaseJdbcLogger.java:181)- <==      Total: 0
2023-03-24 09:40:42,740 DEBUG (BaseJdbcLogger.java:181)- <==      Total: 0
2023-03-24 09:40:42,741 INFO (CodeCoverageScheduleJob.java:58)- 查询需要diff的数据0条
2023-03-24 09:40:42,741 INFO (CodeCoverageScheduleJob.java:58)- 查询需要diff的数据0条
2023-03-24 09:40:52,800 DEBUG (BaseJdbcLogger.java:181)- ==>  Preparing: SELECT * from diff_coverage_report WHERE `request_status`=? AND `from`=? ORDER BY `update_time` asc limit ? 
2023-03-24 09:40:52,800 DEBUG (BaseJdbcLogger.java:181)- ==>  Preparing: SELECT * from diff_coverage_report WHERE `request_status`=? AND `from`=? ORDER BY `update_time` asc limit ? 
2023-03-24 09:40:52,811 DEBUG (BaseJdbcLogger.java:181)- ==> Parameters: 0(Integer), 1(Integer), 1(Integer)
2023-03-24 09:40:52,811 DEBUG (BaseJdbcLogger.java:181)- ==> Parameters: 0(Integer), 1(Integer), 1(Integer)
2023-03-24 09:40:53,218 DEBUG (BaseJdbcLogger.java:181)- <==      Total: 0
2023-03-24 09:40:53,218 DEBUG (BaseJdbcLogger.java:181)- <==      Total: 0
2023-03-24 09:40:53,219 INFO (CodeCoverageScheduleJob.java:58)- 查询需要diff的数据0条
2023-03-24 09:40:53,219 INFO (CodeCoverageScheduleJob.java:58)- 查询需要diff的数据0条
2023-03-24 09:40:57,986 INFO (CodeCloneExecutor.java:54)- uuid 2023022324完成下载代码...
2023-03-24 09:40:57,986 INFO (CodeCloneExecutor.java:54)- uuid 2023022324完成下载代码...
2023-03-24 09:40:58,042 DEBUG (BaseJdbcLogger.java:181)- ==>  Preparing: UPDATE diff_coverage_report SET `request_status`=?, `err_msg`=?, `line_coverage`=?, `branch_coverage`=?, `report_url`=?, `diffmethod`=?, `log_file`=?, `now_local_path`=?, `update_time`=NOW() WHERE job_record_uuid=? 
2023-03-24 09:40:58,042 DEBUG (BaseJdbcLogger.java:181)- ==>  Preparing: UPDATE diff_coverage_report SET `request_status`=?, `err_msg`=?, `line_coverage`=?, `branch_coverage`=?, `report_url`=?, `diffmethod`=?, `log_file`=?, `now_local_path`=?, `update_time`=NOW() WHERE job_record_uuid=? 
2023-03-24 09:40:58,044 DEBUG (BaseJdbcLogger.java:181)- ==> Parameters: 102(Integer), (String), -1.0(Double), -1.0(Double), (String), (String), http://10.252.10.208:8899/logs/2023022324.log(String), /Users/pandoudou/app/super_jacoco/clonecode/2023022324/panpeng_test_20230216_haveUnitTest(String), 2023022324(String)
2023-03-24 09:40:58,044 DEBUG (BaseJdbcLogger.java:181)- ==> Parameters: 102(Integer), (String), -1.0(Double), -1.0(Double), (String), (String), http://10.252.10.208:8899/logs/2023022324.log(String), /Users/pandoudou/app/super_jacoco/clonecode/2023022324/panpeng_test_20230216_haveUnitTest(String), 2023022324(String)
2023-03-24 09:40:58,937 DEBUG (BaseJdbcLogger.java:181)- <==    Updates: 1
2023-03-24 09:40:58,937 DEBUG (BaseJdbcLogger.java:181)- <==    Updates: 1
2023-03-24 09:41:09,624 DEBUG (BaseJdbcLogger.java:181)- ==>  Preparing: SELECT * from diff_coverage_report WHERE `request_status`=? AND `from`=? ORDER BY `update_time` asc limit ? 
2023-03-24 09:41:09,624 DEBUG (BaseJdbcLogger.java:181)- ==>  Preparing: UPDATE diff_coverage_report SET `request_status`=?, `err_msg`=?, `line_coverage`=?, `branch_coverage`=?, `report_url`=?, `diffmethod`=?, `log_file`=?, `now_local_path`=?, `update_time`=NOW() WHERE job_record_uuid=? 
2023-03-24 09:41:09,624 DEBUG (BaseJdbcLogger.java:181)- ==>  Preparing: UPDATE diff_coverage_report SET `request_status`=?, `err_msg`=?, `line_coverage`=?, `branch_coverage`=?, `report_url`=?, `diffmethod`=?, `log_file`=?, `now_local_path`=?, `update_time`=NOW() WHERE job_record_uuid=? 
2023-03-24 09:41:09,624 DEBUG (BaseJdbcLogger.java:181)- ==>  Preparing: SELECT * from diff_coverage_report WHERE `request_status`=? AND `from`=? ORDER BY `update_time` asc limit ? 
2023-03-24 09:41:09,640 DEBUG (BaseJdbcLogger.java:181)- ==> Parameters: 4(Integer), (String), -1.0(Double), -1.0(Double), (String), (String), http://10.252.10.208:8899/logs/2023022324.log(String), /Users/pandoudou/app/super_jacoco/clonecode/2023022324/panpeng_test_20230216_haveUnitTest(String), 2023022324(String)
2023-03-24 09:41:09,640 DEBUG (BaseJdbcLogger.java:181)- ==> Parameters: 0(Integer), 1(Integer), 1(Integer)
2023-03-24 09:41:09,640 DEBUG (BaseJdbcLogger.java:181)- ==> Parameters: 4(Integer), (String), -1.0(Double), -1.0(Double), (String), (String), http://10.252.10.208:8899/logs/2023022324.log(String), /Users/pandoudou/app/super_jacoco/clonecode/2023022324/panpeng_test_20230216_haveUnitTest(String), 2023022324(String)
2023-03-24 09:41:09,640 DEBUG (BaseJdbcLogger.java:181)- ==> Parameters: 0(Integer), 1(Integer), 1(Integer)
2023-03-24 09:41:09,988 DEBUG (BaseJdbcLogger.java:181)- <==      Total: 0
2023-03-24 09:41:09,988 DEBUG (BaseJdbcLogger.java:181)- <==      Total: 0
2023-03-24 09:41:09,995 INFO (CodeCoverageScheduleJob.java:58)- 查询需要diff的数据0条
2023-03-24 09:41:09,995 INFO (CodeCoverageScheduleJob.java:58)- 查询需要diff的数据0条
2023-03-24 09:41:10,037 DEBUG (BaseJdbcLogger.java:181)- <==    Updates: 1
2023-03-24 09:41:10,037 DEBUG (BaseJdbcLogger.java:181)- <==    Updates: 1
2023-03-24 09:44:16,184 WARN (HikariPool.java:758)- HikariPool-1 - Thread starvation or clock leap detected (housekeeper delta=3m31s69ms).
2023-03-24 09:45:44,310 INFO (DiffMethodsCalculator.java:36)- uuid=2023022324 增量计算耗时：234383
2023-03-24 09:45:44,314 WARN (HikariPool.java:758)- HikariPool-1 - Thread starvation or clock leap detected (housekeeper delta=1m28s132ms).
2023-03-24 09:45:44,310 INFO (DiffMethodsCalculator.java:36)- uuid=2023022324 增量计算耗时：234383
2023-03-24 09:45:44,328 DEBUG (BaseJdbcLogger.java:181)- ==>  Preparing: SELECT * from diff_coverage_report WHERE `request_status`=? AND `from`=? ORDER BY `update_time` asc limit ? 
2023-03-24 09:45:44,328 DEBUG (BaseJdbcLogger.java:181)- ==>  Preparing: SELECT * from diff_coverage_report WHERE `request_status`=? AND `from`=? ORDER BY `update_time` asc limit ? 
2023-03-24 09:45:44,332 DEBUG (BaseJdbcLogger.java:181)- ==> Parameters: 0(Integer), 1(Integer), 1(Integer)
2023-03-24 09:45:44,332 DEBUG (BaseJdbcLogger.java:181)- ==> Parameters: 0(Integer), 1(Integer), 1(Integer)
2023-03-24 09:45:44,380 INFO (AbstractApplicationContext.java:993)- Closing org.springframework.boot.web.servlet.context.AnnotationConfigServletWebServerApplicationContext@509d6882: startup date [Fri Mar 24 09:26:18 CST 2023]; root of context hierarchy
2023-03-24 09:45:44,430 INFO (DefaultLifecycleProcessor.java:366)- Stopping beans in phase 2147483647
2023-03-24 09:45:44,448 INFO (MBeanExporter.java:451)- Unregistering JMX-exposed beans on shutdown
2023-03-24 09:45:44,450 INFO (MBeanRegistrationSupport.java:183)- Unregistering JMX-exposed beans
2023-03-24 09:45:44,456 INFO (HikariDataSource.java:381)- HikariPool-1 - Shutdown initiated...
2023-03-24 09:45:44,501 INFO (HikariDataSource.java:383)- HikariPool-1 - Shutdown completed.
2023-03-24 09:45:44,541 WARN (PoolBase.java:173)- HikariPool-1 - Failed to validate connection com.mysql.cj.jdbc.ConnectionImpl@6e8ab064 (No operations allowed after connection closed.)
2023-03-24 09:45:44,541 WARN (PoolBase.java:173)- HikariPool-1 - Failed to validate connection com.mysql.cj.jdbc.ConnectionImpl@1f2b40b0 (No operations allowed after connection closed.)
2023-03-24 09:45:44,545 WARN (ProxyConnection.java:161)- HikariPool-1 - Connection com.mysql.cj.jdbc.ConnectionImpl@7eab2f36 marked as broken because of SQLSTATE(08S01), ErrorCode(0)
com.mysql.cj.jdbc.exceptions.CommunicationsException: Communications link failure

The last packet successfully received from the server was 188 milliseconds ago. The last packet sent successfully to the server was 88,305 milliseconds ago.
	at com.mysql.cj.jdbc.exceptions.SQLError.createCommunicationsException(SQLError.java:174)
	at com.mysql.cj.jdbc.exceptions.SQLExceptionsMapping.translateException(SQLExceptionsMapping.java:64)
	at com.mysql.cj.jdbc.ClientPreparedStatement.executeInternal(ClientPreparedStatement.java:953)
	at com.mysql.cj.jdbc.ClientPreparedStatement.execute(ClientPreparedStatement.java:370)
	at com.zaxxer.hikari.pool.ProxyPreparedStatement.execute(ProxyPreparedStatement.java:44)
	at com.zaxxer.hikari.pool.HikariProxyPreparedStatement.execute(HikariProxyPreparedStatement.java)
	at sun.reflect.GeneratedMethodAccessor53.invoke(Unknown Source)
	at sun.reflect.DelegatingMethodAccessorImpl.invoke(DelegatingMethodAccessorImpl.java:43)
	at java.lang.reflect.Method.invoke(Method.java:498)
	at org.apache.ibatis.logging.jdbc.PreparedStatementLogger.invoke(PreparedStatementLogger.java:59)
	at com.sun.proxy.$Proxy113.execute(Unknown Source)
	at org.apache.ibatis.executor.statement.PreparedStatementHandler.query(PreparedStatementHandler.java:63)
	at org.apache.ibatis.executor.statement.RoutingStatementHandler.query(RoutingStatementHandler.java:79)
	at org.apache.ibatis.executor.SimpleExecutor.doQuery(SimpleExecutor.java:63)
	at org.apache.ibatis.executor.BaseExecutor.queryFromDatabase(BaseExecutor.java:324)
	at org.apache.ibatis.executor.BaseExecutor.query(BaseExecutor.java:156)
	at org.apache.ibatis.executor.CachingExecutor.query(CachingExecutor.java:109)
	at org.apache.ibatis.executor.CachingExecutor.query(CachingExecutor.java:83)
	at org.apache.ibatis.session.defaults.DefaultSqlSession.selectList(DefaultSqlSession.java:148)
	at org.apache.ibatis.session.defaults.DefaultSqlSession.selectList(DefaultSqlSession.java:141)
	at sun.reflect.GeneratedMethodAccessor59.invoke(Unknown Source)
	at sun.reflect.DelegatingMethodAccessorImpl.invoke(DelegatingMethodAccessorImpl.java:43)
	at java.lang.reflect.Method.invoke(Method.java:498)
	at org.mybatis.spring.SqlSessionTemplate$SqlSessionInterceptor.invoke(SqlSessionTemplate.java:433)
	at com.sun.proxy.$Proxy78.selectList(Unknown Source)
	at org.mybatis.spring.SqlSessionTemplate.selectList(SqlSessionTemplate.java:230)
	at org.apache.ibatis.binding.MapperMethod.executeForMany(MapperMethod.java:137)
	at org.apache.ibatis.binding.MapperMethod.execute(MapperMethod.java:75)
	at org.apache.ibatis.binding.MapperProxy.invoke(MapperProxy.java:59)
	at com.sun.proxy.$Proxy79.queryCoverByStatus(Unknown Source)
	at com.xiaoju.basetech.job.CodeCoverageScheduleJob.codeCloneJob(CodeCoverageScheduleJob.java:56)
	at sun.reflect.GeneratedMethodAccessor67.invoke(Unknown Source)
	at sun.reflect.DelegatingMethodAccessorImpl.invoke(DelegatingMethodAccessorImpl.java:43)
	at java.lang.reflect.Method.invoke(Method.java:498)
	at org.springframework.scheduling.support.ScheduledMethodRunnable.run(ScheduledMethodRunnable.java:65)
	at org.springframework.scheduling.support.DelegatingErrorHandlingRunnable.run(DelegatingErrorHandlingRunnable.java:54)
	at java.util.concurrent.Executors$RunnableAdapter.call(Executors.java:511)
	at java.util.concurrent.FutureTask.runAndReset$$$capture(FutureTask.java:308)
	at java.util.concurrent.FutureTask.runAndReset(FutureTask.java)
	at java.util.concurrent.ScheduledThreadPoolExecutor$ScheduledFutureTask.access$301(ScheduledThreadPoolExecutor.java:180)
	at java.util.concurrent.ScheduledThreadPoolExecutor$ScheduledFutureTask.run(ScheduledThreadPoolExecutor.java:294)
	at java.util.concurrent.ThreadPoolExecutor.runWorker(ThreadPoolExecutor.java:1149)
	at java.util.concurrent.ThreadPoolExecutor$Worker.run(ThreadPoolExecutor.java:624)
	at java.lang.Thread.run(Thread.java:750)
Caused by: com.mysql.cj.exceptions.CJCommunicationsException: Communications link failure

The last packet successfully received from the server was 188 milliseconds ago. The last packet sent successfully to the server was 88,305 milliseconds ago.
	at sun.reflect.NativeConstructorAccessorImpl.newInstance0(Native Method)
	at sun.reflect.NativeConstructorAccessorImpl.newInstance(NativeConstructorAccessorImpl.java:62)
	at sun.reflect.DelegatingConstructorAccessorImpl.newInstance(DelegatingConstructorAccessorImpl.java:45)
	at java.lang.reflect.Constructor.newInstance(Constructor.java:423)
	at com.mysql.cj.exceptions.ExceptionFactory.createException(ExceptionFactory.java:61)
	at com.mysql.cj.exceptions.ExceptionFactory.createException(ExceptionFactory.java:105)
	at com.mysql.cj.exceptions.ExceptionFactory.createException(ExceptionFactory.java:151)
	at com.mysql.cj.exceptions.ExceptionFactory.createCommunicationsException(ExceptionFactory.java:167)
	at com.mysql.cj.protocol.a.NativeProtocol.readMessage(NativeProtocol.java:538)
	at com.mysql.cj.protocol.a.NativeProtocol.checkErrorMessage(NativeProtocol.java:702)
	at com.mysql.cj.protocol.a.NativeProtocol.sendCommand(NativeProtocol.java:641)
	at com.mysql.cj.protocol.a.NativeProtocol.sendQueryPacket(NativeProtocol.java:940)
	at com.mysql.cj.NativeSession.execSQL(NativeSession.java:1075)
	at com.mysql.cj.jdbc.ClientPreparedStatement.executeInternal(ClientPreparedStatement.java:930)
	... 41 common frames omitted
Caused by: java.net.SocketException: Socket closed
	at java.net.SocketInputStream.socketRead0(Native Method)
	at java.net.SocketInputStream.socketRead(SocketInputStream.java:116)
	at java.net.SocketInputStream.read(SocketInputStream.java:171)
	at java.net.SocketInputStream.read(SocketInputStream.java:141)
	at com.mysql.cj.protocol.ReadAheadInputStream.fill(ReadAheadInputStream.java:107)
	at com.mysql.cj.protocol.ReadAheadInputStream.readFromUnderlyingStreamIfNecessary(ReadAheadInputStream.java:150)
	at com.mysql.cj.protocol.ReadAheadInputStream.read(ReadAheadInputStream.java:180)
	at java.io.FilterInputStream.read(FilterInputStream.java:133)
	at com.mysql.cj.protocol.FullReadInputStream.readFully(FullReadInputStream.java:64)
	at com.mysql.cj.protocol.a.SimplePacketReader.readHeader(SimplePacketReader.java:63)
	at com.mysql.cj.protocol.a.SimplePacketReader.readHeader(SimplePacketReader.java:45)
	at com.mysql.cj.protocol.a.TimeTrackingPacketReader.readHeader(TimeTrackingPacketReader.java:52)
	at com.mysql.cj.protocol.a.TimeTrackingPacketReader.readHeader(TimeTrackingPacketReader.java:41)
	at com.mysql.cj.protocol.a.MultiPacketReader.readHeader(MultiPacketReader.java:54)
	at com.mysql.cj.protocol.a.MultiPacketReader.readHeader(MultiPacketReader.java:44)
	at com.mysql.cj.protocol.a.NativeProtocol.readMessage(NativeProtocol.java:532)
	... 46 common frames omitted
2023-03-24 09:45:44,552 ERROR (TaskUtils.java:96)- Unexpected error occurred in scheduled task.
org.mybatis.spring.MyBatisSystemException: nested exception is org.apache.ibatis.exceptions.PersistenceException: 
### Error querying database.  Cause: org.springframework.jdbc.CannotGetJdbcConnectionException: Failed to obtain JDBC Connection; nested exception is java.sql.SQLException: HikariPool-1 - Interrupted during connection acquisition
### The error may exist in file [/Users/pandoudou/Code/springTest/super-jacoco/target/classes/mapper/CoverageReportDao.xml]
### The error may involve com.xiaoju.basetech.dao.CoverageReportDao.queryCoverByStatus
### The error occurred while executing a query
### Cause: org.springframework.jdbc.CannotGetJdbcConnectionException: Failed to obtain JDBC Connection; nested exception is java.sql.SQLException: HikariPool-1 - Interrupted during connection acquisition
	at org.mybatis.spring.MyBatisExceptionTranslator.translateExceptionIfPossible(MyBatisExceptionTranslator.java:77)
	at org.mybatis.spring.SqlSessionTemplate$SqlSessionInterceptor.invoke(SqlSessionTemplate.java:446)
	at com.sun.proxy.$Proxy78.selectList(Unknown Source)
	at org.mybatis.spring.SqlSessionTemplate.selectList(SqlSessionTemplate.java:230)
	at org.apache.ibatis.binding.MapperMethod.executeForMany(MapperMethod.java:137)
	at org.apache.ibatis.binding.MapperMethod.execute(MapperMethod.java:75)
	at org.apache.ibatis.binding.MapperProxy.invoke(MapperProxy.java:59)
	at com.sun.proxy.$Proxy79.queryCoverByStatus(Unknown Source)
	at com.xiaoju.basetech.job.CodeCoverageScheduleJob.calculateEnvCov(CodeCoverageScheduleJob.java:100)
	at sun.reflect.NativeMethodAccessorImpl.invoke0(Native Method)
	at sun.reflect.NativeMethodAccessorImpl.invoke(NativeMethodAccessorImpl.java:62)
	at sun.reflect.DelegatingMethodAccessorImpl.invoke(DelegatingMethodAccessorImpl.java:43)
	at java.lang.reflect.Method.invoke(Method.java:498)
	at org.springframework.scheduling.support.ScheduledMethodRunnable.run(ScheduledMethodRunnable.java:65)
	at org.springframework.scheduling.support.DelegatingErrorHandlingRunnable.run(DelegatingErrorHandlingRunnable.java:54)
	at java.util.concurrent.Executors$RunnableAdapter.call(Executors.java:511)
	at java.util.concurrent.FutureTask.runAndReset$$$capture(FutureTask.java:308)
	at java.util.concurrent.FutureTask.runAndReset(FutureTask.java)
	at java.util.concurrent.ScheduledThreadPoolExecutor$ScheduledFutureTask.access$301(ScheduledThreadPoolExecutor.java:180)
	at java.util.concurrent.ScheduledThreadPoolExecutor$ScheduledFutureTask.run(ScheduledThreadPoolExecutor.java:294)
	at java.util.concurrent.ThreadPoolExecutor.runWorker(ThreadPoolExecutor.java:1149)
	at java.util.concurrent.ThreadPoolExecutor$Worker.run(ThreadPoolExecutor.java:624)
	at java.lang.Thread.run(Thread.java:750)
Caused by: org.apache.ibatis.exceptions.PersistenceException: 
### Error querying database.  Cause: org.springframework.jdbc.CannotGetJdbcConnectionException: Failed to obtain JDBC Connection; nested exception is java.sql.SQLException: HikariPool-1 - Interrupted during connection acquisition
### The error may exist in file [/Users/pandoudou/Code/springTest/super-jacoco/target/classes/mapper/CoverageReportDao.xml]
### The error may involve com.xiaoju.basetech.dao.CoverageReportDao.queryCoverByStatus
### The error occurred while executing a query
### Cause: org.springframework.jdbc.CannotGetJdbcConnectionException: Failed to obtain JDBC Connection; nested exception is java.sql.SQLException: HikariPool-1 - Interrupted during connection acquisition
	at org.apache.ibatis.exceptions.ExceptionFactory.wrapException(ExceptionFactory.java:30)
	at org.apache.ibatis.session.defaults.DefaultSqlSession.selectList(DefaultSqlSession.java:150)
	at org.apache.ibatis.session.defaults.DefaultSqlSession.selectList(DefaultSqlSession.java:141)
	at sun.reflect.GeneratedMethodAccessor59.invoke(Unknown Source)
	at sun.reflect.DelegatingMethodAccessorImpl.invoke(DelegatingMethodAccessorImpl.java:43)
	at java.lang.reflect.Method.invoke(Method.java:498)
	at org.mybatis.spring.SqlSessionTemplate$SqlSessionInterceptor.invoke(SqlSessionTemplate.java:433)
	... 21 common frames omitted
Caused by: org.springframework.jdbc.CannotGetJdbcConnectionException: Failed to obtain JDBC Connection; nested exception is java.sql.SQLException: HikariPool-1 - Interrupted during connection acquisition
	at org.springframework.jdbc.datasource.DataSourceUtils.getConnection(DataSourceUtils.java:81)
	at org.mybatis.spring.transaction.SpringManagedTransaction.openConnection(SpringManagedTransaction.java:82)
	at org.mybatis.spring.transaction.SpringManagedTransaction.getConnection(SpringManagedTransaction.java:68)
	at org.apache.ibatis.executor.BaseExecutor.getConnection(BaseExecutor.java:336)
	at org.apache.ibatis.executor.SimpleExecutor.prepareStatement(SimpleExecutor.java:84)
	at org.apache.ibatis.executor.SimpleExecutor.doQuery(SimpleExecutor.java:62)
	at org.apache.ibatis.executor.BaseExecutor.queryFromDatabase(BaseExecutor.java:324)
	at org.apache.ibatis.executor.BaseExecutor.query(BaseExecutor.java:156)
	at org.apache.ibatis.executor.CachingExecutor.query(CachingExecutor.java:109)
	at org.apache.ibatis.executor.CachingExecutor.query(CachingExecutor.java:83)
	at org.apache.ibatis.session.defaults.DefaultSqlSession.selectList(DefaultSqlSession.java:148)
	... 26 common frames omitted
Caused by: java.sql.SQLException: HikariPool-1 - Interrupted during connection acquisition
	at com.zaxxer.hikari.pool.HikariPool.getConnection(HikariPool.java:187)
	at com.zaxxer.hikari.pool.HikariPool.getConnection(HikariPool.java:148)
	at com.zaxxer.hikari.HikariDataSource.getConnection(HikariDataSource.java:128)
	at org.springframework.jdbc.datasource.DataSourceUtils.fetchConnection(DataSourceUtils.java:151)
	at org.springframework.jdbc.datasource.DataSourceUtils.doGetConnection(DataSourceUtils.java:115)
	at org.springframework.jdbc.datasource.DataSourceUtils.getConnection(DataSourceUtils.java:78)
	... 36 common frames omitted
Caused by: java.lang.InterruptedException: null
	at java.util.concurrent.SynchronousQueue.poll(SynchronousQueue.java:944)
	at com.zaxxer.hikari.util.ConcurrentBag.borrow(ConcurrentBag.java:157)
	at com.zaxxer.hikari.pool.HikariPool.getConnection(HikariPool.java:166)
	... 41 common frames omitted
2023-03-24 09:45:44,561 INFO (XmlBeanDefinitionReader.java:316)- Loading XML bean definitions from class path resource [org/springframework/jdbc/support/sql-error-codes.xml]
2023-03-24 09:45:44,835 INFO (SQLErrorCodesFactory.java:128)- SQLErrorCodes loaded: [DB2, Derby, H2, HDB, HSQL, Informix, MS-SQL, MySQL, Oracle, PostgreSQL, Sybase]
2023-03-24 09:45:44,859 WARN (SQLErrorCodesFactory.java:220)- Error while extracting database name - falling back to empty error codes
org.springframework.jdbc.support.MetaDataAccessException: Could not get Connection for extracting meta-data; nested exception is org.springframework.jdbc.CannotGetJdbcConnectionException: Failed to obtain JDBC Connection; nested exception is java.sql.SQLException: HikariDataSource HikariDataSource (HikariPool-1) has been closed.
	at org.springframework.jdbc.support.JdbcUtils.extractDatabaseMetaData(JdbcUtils.java:327)
	at org.springframework.jdbc.support.JdbcUtils.extractDatabaseMetaData(JdbcUtils.java:355)
	at org.springframework.jdbc.support.SQLErrorCodesFactory.getErrorCodes(SQLErrorCodesFactory.java:214)
	at org.springframework.jdbc.support.SQLErrorCodeSQLExceptionTranslator.setDataSource(SQLErrorCodeSQLExceptionTranslator.java:136)
	at org.springframework.jdbc.support.SQLErrorCodeSQLExceptionTranslator.<init>(SQLErrorCodeSQLExceptionTranslator.java:99)
	at org.mybatis.spring.MyBatisExceptionTranslator.initExceptionTranslator(MyBatisExceptionTranslator.java:87)
	at org.mybatis.spring.MyBatisExceptionTranslator.translateExceptionIfPossible(MyBatisExceptionTranslator.java:72)
	at org.mybatis.spring.SqlSessionTemplate$SqlSessionInterceptor.invoke(SqlSessionTemplate.java:446)
	at com.sun.proxy.$Proxy78.selectList(Unknown Source)
	at org.mybatis.spring.SqlSessionTemplate.selectList(SqlSessionTemplate.java:230)
	at org.apache.ibatis.binding.MapperMethod.executeForMany(MapperMethod.java:137)
	at org.apache.ibatis.binding.MapperMethod.execute(MapperMethod.java:75)
	at org.apache.ibatis.binding.MapperProxy.invoke(MapperProxy.java:59)
	at com.sun.proxy.$Proxy79.queryCoverByStatus(Unknown Source)
	at com.xiaoju.basetech.job.CodeCoverageScheduleJob.codeCloneJob(CodeCoverageScheduleJob.java:56)
	at sun.reflect.GeneratedMethodAccessor67.invoke(Unknown Source)
	at sun.reflect.DelegatingMethodAccessorImpl.invoke(DelegatingMethodAccessorImpl.java:43)
	at java.lang.reflect.Method.invoke(Method.java:498)
	at org.springframework.scheduling.support.ScheduledMethodRunnable.run(ScheduledMethodRunnable.java:65)
	at org.springframework.scheduling.support.DelegatingErrorHandlingRunnable.run(DelegatingErrorHandlingRunnable.java:54)
	at java.util.concurrent.Executors$RunnableAdapter.call(Executors.java:511)
	at java.util.concurrent.FutureTask.runAndReset$$$capture(FutureTask.java:308)
	at java.util.concurrent.FutureTask.runAndReset(FutureTask.java)
	at java.util.concurrent.ScheduledThreadPoolExecutor$ScheduledFutureTask.access$301(ScheduledThreadPoolExecutor.java:180)
	at java.util.concurrent.ScheduledThreadPoolExecutor$ScheduledFutureTask.run(ScheduledThreadPoolExecutor.java:294)
	at java.util.concurrent.ThreadPoolExecutor.runWorker(ThreadPoolExecutor.java:1149)
	at java.util.concurrent.ThreadPoolExecutor$Worker.run(ThreadPoolExecutor.java:624)
	at java.lang.Thread.run(Thread.java:750)
Caused by: org.springframework.jdbc.CannotGetJdbcConnectionException: Failed to obtain JDBC Connection; nested exception is java.sql.SQLException: HikariDataSource HikariDataSource (HikariPool-1) has been closed.
	at org.springframework.jdbc.datasource.DataSourceUtils.getConnection(DataSourceUtils.java:81)
	at org.springframework.jdbc.support.JdbcUtils.extractDatabaseMetaData(JdbcUtils.java:318)
	... 27 common frames omitted
Caused by: java.sql.SQLException: HikariDataSource HikariDataSource (HikariPool-1) has been closed.
	at com.zaxxer.hikari.HikariDataSource.getConnection(HikariDataSource.java:96)
	at org.springframework.jdbc.datasource.DataSourceUtils.fetchConnection(DataSourceUtils.java:151)
	at org.springframework.jdbc.datasource.DataSourceUtils.doGetConnection(DataSourceUtils.java:115)
	at org.springframework.jdbc.datasource.DataSourceUtils.getConnection(DataSourceUtils.java:78)
	... 28 common frames omitted
2023-03-24 09:45:44,863 ERROR (TaskUtils.java:96)- Unexpected error occurred in scheduled task.
org.springframework.dao.RecoverableDataAccessException: 
### Error querying database.  Cause: com.mysql.cj.jdbc.exceptions.CommunicationsException: Communications link failure

The last packet successfully received from the server was 188 milliseconds ago. The last packet sent successfully to the server was 88,305 milliseconds ago.
### The error may exist in file [/Users/pandoudou/Code/springTest/super-jacoco/target/classes/mapper/CoverageReportDao.xml]
### The error may involve com.xiaoju.basetech.dao.CoverageReportDao.queryCoverByStatus-Inline
### The error occurred while setting parameters
### SQL: SELECT * from diff_coverage_report          WHERE `request_status`=?          AND `from`=?         ORDER BY `update_time`         asc         limit ?
### Cause: com.mysql.cj.jdbc.exceptions.CommunicationsException: Communications link failure

The last packet successfully received from the server was 188 milliseconds ago. The last packet sent successfully to the server was 88,305 milliseconds ago.
; ]; Communications link failure

The last packet successfully received from the server was 188 milliseconds ago. The last packet sent successfully to the server was 88,305 milliseconds ago.; nested exception is com.mysql.cj.jdbc.exceptions.CommunicationsException: Communications link failure

The last packet successfully received from the server was 188 milliseconds ago. The last packet sent successfully to the server was 88,305 milliseconds ago.
	at org.springframework.jdbc.support.SQLExceptionSubclassTranslator.doTranslate(SQLExceptionSubclassTranslator.java:100)
	at org.springframework.jdbc.support.AbstractFallbackSQLExceptionTranslator.translate(AbstractFallbackSQLExceptionTranslator.java:72)
	at org.springframework.jdbc.support.AbstractFallbackSQLExceptionTranslator.translate(AbstractFallbackSQLExceptionTranslator.java:81)
	at org.mybatis.spring.MyBatisExceptionTranslator.translateExceptionIfPossible(MyBatisExceptionTranslator.java:73)
	at org.mybatis.spring.SqlSessionTemplate$SqlSessionInterceptor.invoke(SqlSessionTemplate.java:446)
	at com.sun.proxy.$Proxy78.selectList(Unknown Source)
	at org.mybatis.spring.SqlSessionTemplate.selectList(SqlSessionTemplate.java:230)
	at org.apache.ibatis.binding.MapperMethod.executeForMany(MapperMethod.java:137)
	at org.apache.ibatis.binding.MapperMethod.execute(MapperMethod.java:75)
	at org.apache.ibatis.binding.MapperProxy.invoke(MapperProxy.java:59)
	at com.sun.proxy.$Proxy79.queryCoverByStatus(Unknown Source)
	at com.xiaoju.basetech.job.CodeCoverageScheduleJob.codeCloneJob(CodeCoverageScheduleJob.java:56)
	at sun.reflect.GeneratedMethodAccessor67.invoke(Unknown Source)
	at sun.reflect.DelegatingMethodAccessorImpl.invoke(DelegatingMethodAccessorImpl.java:43)
	at java.lang.reflect.Method.invoke(Method.java:498)
	at org.springframework.scheduling.support.ScheduledMethodRunnable.run(ScheduledMethodRunnable.java:65)
	at org.springframework.scheduling.support.DelegatingErrorHandlingRunnable.run(DelegatingErrorHandlingRunnable.java:54)
	at java.util.concurrent.Executors$RunnableAdapter.call(Executors.java:511)
	at java.util.concurrent.FutureTask.runAndReset$$$capture(FutureTask.java:308)
	at java.util.concurrent.FutureTask.runAndReset(FutureTask.java)
	at java.util.concurrent.ScheduledThreadPoolExecutor$ScheduledFutureTask.access$301(ScheduledThreadPoolExecutor.java:180)
	at java.util.concurrent.ScheduledThreadPoolExecutor$ScheduledFutureTask.run(ScheduledThreadPoolExecutor.java:294)
	at java.util.concurrent.ThreadPoolExecutor.runWorker(ThreadPoolExecutor.java:1149)
	at java.util.concurrent.ThreadPoolExecutor$Worker.run(ThreadPoolExecutor.java:624)
	at java.lang.Thread.run(Thread.java:750)
Caused by: com.mysql.cj.jdbc.exceptions.CommunicationsException: Communications link failure

The last packet successfully received from the server was 188 milliseconds ago. The last packet sent successfully to the server was 88,305 milliseconds ago.
	at com.mysql.cj.jdbc.exceptions.SQLError.createCommunicationsException(SQLError.java:174)
	at com.mysql.cj.jdbc.exceptions.SQLExceptionsMapping.translateException(SQLExceptionsMapping.java:64)
	at com.mysql.cj.jdbc.ClientPreparedStatement.executeInternal(ClientPreparedStatement.java:953)
	at com.mysql.cj.jdbc.ClientPreparedStatement.execute(ClientPreparedStatement.java:370)
	at com.zaxxer.hikari.pool.ProxyPreparedStatement.execute(ProxyPreparedStatement.java:44)
	at com.zaxxer.hikari.pool.HikariProxyPreparedStatement.execute(HikariProxyPreparedStatement.java)
	at sun.reflect.GeneratedMethodAccessor53.invoke(Unknown Source)
	at sun.reflect.DelegatingMethodAccessorImpl.invoke(DelegatingMethodAccessorImpl.java:43)
	at java.lang.reflect.Method.invoke(Method.java:498)
	at org.apache.ibatis.logging.jdbc.PreparedStatementLogger.invoke(PreparedStatementLogger.java:59)
	at com.sun.proxy.$Proxy113.execute(Unknown Source)
	at org.apache.ibatis.executor.statement.PreparedStatementHandler.query(PreparedStatementHandler.java:63)
	at org.apache.ibatis.executor.statement.RoutingStatementHandler.query(RoutingStatementHandler.java:79)
	at org.apache.ibatis.executor.SimpleExecutor.doQuery(SimpleExecutor.java:63)
	at org.apache.ibatis.executor.BaseExecutor.queryFromDatabase(BaseExecutor.java:324)
	at org.apache.ibatis.executor.BaseExecutor.query(BaseExecutor.java:156)
	at org.apache.ibatis.executor.CachingExecutor.query(CachingExecutor.java:109)
	at org.apache.ibatis.executor.CachingExecutor.query(CachingExecutor.java:83)
	at org.apache.ibatis.session.defaults.DefaultSqlSession.selectList(DefaultSqlSession.java:148)
	at org.apache.ibatis.session.defaults.DefaultSqlSession.selectList(DefaultSqlSession.java:141)
	at sun.reflect.GeneratedMethodAccessor59.invoke(Unknown Source)
	at sun.reflect.DelegatingMethodAccessorImpl.invoke(DelegatingMethodAccessorImpl.java:43)
	at java.lang.reflect.Method.invoke(Method.java:498)
	at org.mybatis.spring.SqlSessionTemplate$SqlSessionInterceptor.invoke(SqlSessionTemplate.java:433)
	... 20 common frames omitted
Caused by: com.mysql.cj.exceptions.CJCommunicationsException: Communications link failure

The last packet successfully received from the server was 188 milliseconds ago. The last packet sent successfully to the server was 88,305 milliseconds ago.
	at sun.reflect.NativeConstructorAccessorImpl.newInstance0(Native Method)
	at sun.reflect.NativeConstructorAccessorImpl.newInstance(NativeConstructorAccessorImpl.java:62)
	at sun.reflect.DelegatingConstructorAccessorImpl.newInstance(DelegatingConstructorAccessorImpl.java:45)
	at java.lang.reflect.Constructor.newInstance(Constructor.java:423)
	at com.mysql.cj.exceptions.ExceptionFactory.createException(ExceptionFactory.java:61)
	at com.mysql.cj.exceptions.ExceptionFactory.createException(ExceptionFactory.java:105)
	at com.mysql.cj.exceptions.ExceptionFactory.createException(ExceptionFactory.java:151)
	at com.mysql.cj.exceptions.ExceptionFactory.createCommunicationsException(ExceptionFactory.java:167)
	at com.mysql.cj.protocol.a.NativeProtocol.readMessage(NativeProtocol.java:538)
	at com.mysql.cj.protocol.a.NativeProtocol.checkErrorMessage(NativeProtocol.java:702)
	at com.mysql.cj.protocol.a.NativeProtocol.sendCommand(NativeProtocol.java:641)
	at com.mysql.cj.protocol.a.NativeProtocol.sendQueryPacket(NativeProtocol.java:940)
	at com.mysql.cj.NativeSession.execSQL(NativeSession.java:1075)
	at com.mysql.cj.jdbc.ClientPreparedStatement.executeInternal(ClientPreparedStatement.java:930)
	... 41 common frames omitted
Caused by: java.net.SocketException: Socket closed
	at java.net.SocketInputStream.socketRead0(Native Method)
	at java.net.SocketInputStream.socketRead(SocketInputStream.java:116)
	at java.net.SocketInputStream.read(SocketInputStream.java:171)
	at java.net.SocketInputStream.read(SocketInputStream.java:141)
	at com.mysql.cj.protocol.ReadAheadInputStream.fill(ReadAheadInputStream.java:107)
	at com.mysql.cj.protocol.ReadAheadInputStream.readFromUnderlyingStreamIfNecessary(ReadAheadInputStream.java:150)
	at com.mysql.cj.protocol.ReadAheadInputStream.read(ReadAheadInputStream.java:180)
	at java.io.FilterInputStream.read(FilterInputStream.java:133)
	at com.mysql.cj.protocol.FullReadInputStream.readFully(FullReadInputStream.java:64)
	at com.mysql.cj.protocol.a.SimplePacketReader.readHeader(SimplePacketReader.java:63)
	at com.mysql.cj.protocol.a.SimplePacketReader.readHeader(SimplePacketReader.java:45)
	at com.mysql.cj.protocol.a.TimeTrackingPacketReader.readHeader(TimeTrackingPacketReader.java:52)
	at com.mysql.cj.protocol.a.TimeTrackingPacketReader.readHeader(TimeTrackingPacketReader.java:41)
	at com.mysql.cj.protocol.a.MultiPacketReader.readHeader(MultiPacketReader.java:54)
	at com.mysql.cj.protocol.a.MultiPacketReader.readHeader(MultiPacketReader.java:44)
	at com.mysql.cj.protocol.a.NativeProtocol.readMessage(NativeProtocol.java:532)
	... 46 common frames omitted
